{"/Users/danjarvis/Documents/serverless-test/serverless.test.js":{"path":"/Users/danjarvis/Documents/serverless-test/serverless.test.js","s":{"1":1,"2":0,"3":0,"4":0,"5":0,"6":0,"7":0,"8":0,"9":1,"10":0,"11":0,"12":0,"13":0,"14":0,"15":0,"16":0,"17":1,"18":0,"19":0,"20":0,"21":0,"22":1},"b":{"1":[0,0],"2":[0,0],"3":[0,0]},"f":{},"fnMap":{},"statementMap":{"1":{"start":{"line":1,"column":0},"end":{"line":11,"column":1}},"2":{"start":{"line":2,"column":2},"end":{"line":2,"column":20}},"3":{"start":{"line":3,"column":2},"end":{"line":9,"column":3}},"4":{"start":{"line":4,"column":4},"end":{"line":8,"column":5}},"5":{"start":{"line":5,"column":6},"end":{"line":5,"column":34}},"6":{"start":{"line":6,"column":6},"end":{"line":6,"column":79}},"7":{"start":{"line":7,"column":6},"end":{"line":7,"column":26}},"8":{"start":{"line":10,"column":2},"end":{"line":10,"column":16}},"9":{"start":{"line":13,"column":0},"end":{"line":25,"column":2}},"10":{"start":{"line":14,"column":2},"end":{"line":14,"column":38}},"11":{"start":{"line":15,"column":2},"end":{"line":24,"column":3}},"12":{"start":{"line":16,"column":4},"end":{"line":16,"column":40}},"13":{"start":{"line":17,"column":4},"end":{"line":21,"column":5}},"14":{"start":{"line":18,"column":6},"end":{"line":18,"column":37}},"15":{"start":{"line":20,"column":6},"end":{"line":20,"column":97}},"16":{"start":{"line":23,"column":4},"end":{"line":23,"column":46}},"17":{"start":{"line":27,"column":0},"end":{"line":32,"column":1}},"18":{"start":{"line":28,"column":2},"end":{"line":28,"column":30}},"19":{"start":{"line":29,"column":2},"end":{"line":31,"column":40}},"20":{"start":{"line":30,"column":18},"end":{"line":30,"column":37}},"21":{"start":{"line":31,"column":18},"end":{"line":31,"column":38}},"22":{"start":{"line":34,"column":0},"end":{"line":38,"column":1}}},"branchMap":{"1":{"line":4,"type":"if","locations":[{"start":{"line":4,"column":4},"end":{"line":4,"column":4}},{"start":{"line":4,"column":4},"end":{"line":4,"column":4}}]},"2":{"line":6,"type":"cond-expr","locations":[{"start":{"line":6,"column":49},"end":{"line":6,"column":58}},{"start":{"line":6,"column":61},"end":{"line":6,"column":78}}]},"3":{"line":17,"type":"if","locations":[{"start":{"line":17,"column":4},"end":{"line":17,"column":4}},{"start":{"line":17,"column":4},"end":{"line":17,"column":4}}]}}}}